[2024-11-30 20:51:57] request.INFO: Matched route "admin_module_manage_action". {"route":"admin_module_manage_action","route_parameters":{"_controller":"PrestaShopBundle\\Controller\\Admin\\Improve\\ModuleController::moduleAction","action":"install","module_name":"revolutpayment","_route":"admin_module_manage_action"},"request_uri":"https://localhost/admin9308dqo0o/index.php/improve/modules/manage/action/install/revolutpayment?_token=Y96PM4c4uTnuTUctKd8GSpZK4-gxH5xivbiOVZZSAPY&module_id=50148","method":"POST"} []
[2024-11-30 20:51:57] security.DEBUG: Read existing security token from the session. {"key":"_security_main","token_class":"Symfony\\Component\\Security\\Core\\Authentication\\Token\\UsernamePasswordToken"} []
[2024-11-30 20:51:57] security.DEBUG: User was reloaded from a user provider. {"provider":"PrestaShopBundle\\Security\\Admin\\EmployeeProvider","username":"kubus86300@gmail.com"} []
[2024-11-30 20:51:57] app.ERROR: Wyjątek wyrzucany przez moduł revolutpayment podczas install. The module revolutpayment could not be found on Addons. {"object_type":"Module","object_id":0} []
[2024-11-30 20:51:57] security.DEBUG: Stored the security token in the session. {"key":"_security_main"} []
[2024-11-30 20:52:02] request.INFO: Matched route "admin_module_manage_action". {"route":"admin_module_manage_action","route_parameters":{"_controller":"PrestaShopBundle\\Controller\\Admin\\Improve\\ModuleController::moduleAction","action":"install","module_name":"revolutpayment","_route":"admin_module_manage_action"},"request_uri":"https://localhost/admin9308dqo0o/index.php/improve/modules/manage/action/install/revolutpayment?_token=Y96PM4c4uTnuTUctKd8GSpZK4-gxH5xivbiOVZZSAPY&module_id=50148","method":"POST"} []
[2024-11-30 20:52:02] security.DEBUG: Read existing security token from the session. {"key":"_security_main","token_class":"Symfony\\Component\\Security\\Core\\Authentication\\Token\\UsernamePasswordToken"} []
[2024-11-30 20:52:02] security.DEBUG: User was reloaded from a user provider. {"provider":"PrestaShopBundle\\Security\\Admin\\EmployeeProvider","username":"kubus86300@gmail.com"} []
[2024-11-30 20:52:02] app.ERROR: Wyjątek wyrzucany przez moduł revolutpayment podczas install. The module revolutpayment could not be found on Addons. {"object_type":"Module","object_id":0} []
[2024-11-30 20:52:02] security.DEBUG: Stored the security token in the session. {"key":"_security_main"} []
[2024-12-02 00:26:16] request.INFO: Matched route "admin_categories_bulk_delete". {"route":"admin_categories_bulk_delete","route_parameters":{"_controller":"PrestaShopBundle\\Controller\\Admin\\Sell\\Catalog\\CategoryController::bulkDeleteAction","_legacy_controller":"AdminCategories","_legacy_link":"AdminCategories:submitBulkdeleteSelectioncategory","_route":"admin_categories_bulk_delete"},"request_uri":"https://localhost/admin9308dqo0o/index.php/sell/catalog/categories/bulk-delete?_token=rL5V_65Yua0-qCTJDi8smGcPFPDdAj-vt0LQPfPqDVI","method":"POST"} []
[2024-12-02 00:26:16] security.DEBUG: Read existing security token from the session. {"key":"_security_main","token_class":"Symfony\\Component\\Security\\Core\\Authentication\\Token\\UsernamePasswordToken"} []
[2024-12-02 00:26:16] security.DEBUG: User was reloaded from a user provider. {"provider":"PrestaShopBundle\\Security\\Admin\\EmployeeProvider","username":"kubus86300@gmail.com"} []
[2024-12-02 00:31:04] request.CRITICAL: Uncaught PHP Exception PrestaShopException: "Link to database cannot be established: SQLSTATE[HY000] [2002] Connection refused" at /var/www/html/prestashop/classes/db/DbPDO.php line 137 {"exception":"[object] (PrestaShopException(code: 0): Link to database cannot be established: SQLSTATE[HY000] [2002] Connection refused at /var/www/html/prestashop/classes/db/DbPDO.php:137)"} []
[2024-12-02 00:31:04] security.DEBUG: Stored the security token in the session. {"key":"_security_main"} []
[2024-12-02 00:28:00] request.INFO: Matched route "admin_common_notifications". {"route":"admin_common_notifications","route_parameters":{"_controller":"PrestaShopBundle\\Controller\\Admin\\CommonController::notificationsAction","_legacy_controller":"AdminCommon","_legacy_link":"AdminCommon","_route":"admin_common_notifications"},"request_uri":"https://localhost/admin9308dqo0o/index.php/common/notifications?_token=rL5V_65Yua0-qCTJDi8smGcPFPDdAj-vt0LQPfPqDVI","method":"POST"} []
[2024-12-02 00:31:04] security.DEBUG: Read existing security token from the session. {"key":"_security_main","token_class":"Symfony\\Component\\Security\\Core\\Authentication\\Token\\UsernamePasswordToken"} []
[2024-12-02 00:31:04] request.CRITICAL: Uncaught PHP Exception PrestaShopException: "Link to database cannot be established: SQLSTATE[HY000] [2002] Connection refused" at /var/www/html/prestashop/classes/db/DbPDO.php line 137 {"exception":"[object] (PrestaShopException(code: 0): Link to database cannot be established: SQLSTATE[HY000] [2002] Connection refused at /var/www/html/prestashop/classes/db/DbPDO.php:137)"} []
[2024-12-02 00:31:04] request.CRITICAL: Exception thrown when handling an exception (PrestaShopException: Link to database cannot be established: SQLSTATE[HY000] [2002] Connection refused at /var/www/html/prestashop/classes/db/DbPDO.php line 137) {"exception":"[object] (PrestaShopException(code: 0): Link to database cannot be established: SQLSTATE[HY000] [2002] Connection refused at /var/www/html/prestashop/classes/db/DbPDO.php:137)"} []
[2024-12-09 15:36:51] request.INFO: Matched route "admin_product_export_action". {"route":"admin_product_export_action","route_parameters":{"_controller":"PrestaShopBundle\\Controller\\Admin\\ProductController::exportAction","_format":"csv","_route":"admin_product_export_action"},"request_uri":"https://localhost/admin9308dqo0o/index.php/sell/catalog/products/export?_token=LCQeaQ4xCWAABY05nS-wmPDwWUR3B6IC7RxcqfYYdJs","method":"GET"} []
[2024-12-09 15:36:51] security.DEBUG: Read existing security token from the session. {"key":"_security_main","token_class":"Symfony\\Component\\Security\\Core\\Authentication\\Token\\UsernamePasswordToken"} []
[2024-12-09 15:36:51] security.DEBUG: User was reloaded from a user provider. {"provider":"PrestaShopBundle\\Security\\Admin\\EmployeeProvider","username":"kubus86300@gmail.com"} []
[2024-12-09 15:36:51] security.DEBUG: Stored the security token in the session. {"key":"_security_main"} []
[2024-12-09 15:37:23] request.CRITICAL: Uncaught PHP Exception Symfony\Component\Debug\Exception\FatalErrorException: "Error: Maximum execution time of 30 seconds exceeded" at /var/www/html/prestashop/classes/ImageManager.php line 585 {"exception":"[object] (Symfony\\Component\\Debug\\Exception\\FatalErrorException(code: 0): Error: Maximum execution time of 30 seconds exceeded at /var/www/html/prestashop/classes/ImageManager.php:585)"} []
