[2025-01-10 23:30:06] request.INFO: Matched route "admin_module_manage_action". {"route":"admin_module_manage_action","route_parameters":{"_controller":"PrestaShopBundle\\Controller\\Admin\\Improve\\ModuleController::moduleAction","action":"upgrade","module_name":"ps_imageslider","_route":"admin_module_manage_action"},"request_uri":"https://localhost:8083/admin9308dqo0o/index.php/improve/modules/manage/action/upgrade/ps_imageslider?_token=6d4I4s3SPo-NedmNQst_3PJAg9hsDHaQ4uXK7WYIMTU","method":"POST"} []
[2025-01-10 23:30:06] security.DEBUG: Read existing security token from the session. {"key":"_security_main","token_class":"Symfony\\Component\\Security\\Core\\Authentication\\Token\\UsernamePasswordToken"} []
[2025-01-10 23:30:06] security.DEBUG: User was reloaded from a user provider. {"provider":"PrestaShopBundle\\Security\\Admin\\EmployeeProvider","username":"adrian@confi.com"} []
[2025-01-10 23:30:07] app.ERROR: Wyjątek wyrzucany przez moduł ps_imageslider podczas upgrade. Failed to copy "/var/www/html/var/cache/prod/sandbox/67819f6fceac2/ps_imageslider/index.php" to "/var/www/html/modules/ps_imageslider/index.php" because target file could not be opened for writing. {"object_type":"Module","object_id":26} []
[2025-01-10 23:30:07] security.DEBUG: Stored the security token in the session. {"key":"_security_main"} []
[2025-01-10 23:30:13] request.INFO: Matched route "admin_module_manage_action". {"route":"admin_module_manage_action","route_parameters":{"_controller":"PrestaShopBundle\\Controller\\Admin\\Improve\\ModuleController::moduleAction","action":"upgrade","module_name":"ps_imageslider","_route":"admin_module_manage_action"},"request_uri":"https://localhost:8083/admin9308dqo0o/index.php/improve/modules/manage/action/upgrade/ps_imageslider?_token=6d4I4s3SPo-NedmNQst_3PJAg9hsDHaQ4uXK7WYIMTU","method":"POST"} []
[2025-01-10 23:30:13] security.DEBUG: Read existing security token from the session. {"key":"_security_main","token_class":"Symfony\\Component\\Security\\Core\\Authentication\\Token\\UsernamePasswordToken"} []
[2025-01-10 23:30:13] security.DEBUG: User was reloaded from a user provider. {"provider":"PrestaShopBundle\\Security\\Admin\\EmployeeProvider","username":"adrian@confi.com"} []
[2025-01-10 23:30:14] app.ERROR: Wyjątek wyrzucany przez moduł ps_imageslider podczas upgrade. Failed to copy "/var/www/html/var/cache/prod/sandbox/67819f76e3a5e/ps_imageslider/index.php" to "/var/www/html/modules/ps_imageslider/index.php" because target file could not be opened for writing. {"object_type":"Module","object_id":26} []
[2025-01-10 23:30:14] security.DEBUG: Stored the security token in the session. {"key":"_security_main"} []
[2025-01-10 23:34:35] request.INFO: Matched route "admin_module_manage_action". {"route":"admin_module_manage_action","route_parameters":{"_controller":"PrestaShopBundle\\Controller\\Admin\\Improve\\ModuleController::moduleAction","action":"upgrade","module_name":"ps_imageslider","_route":"admin_module_manage_action"},"request_uri":"https://localhost:8083/admin9308dqo0o/index.php/improve/modules/manage/action/upgrade/ps_imageslider?_token=6d4I4s3SPo-NedmNQst_3PJAg9hsDHaQ4uXK7WYIMTU","method":"POST"} []
[2025-01-10 23:34:35] security.DEBUG: Read existing security token from the session. {"key":"_security_main","token_class":"Symfony\\Component\\Security\\Core\\Authentication\\Token\\UsernamePasswordToken"} []
[2025-01-10 23:34:35] security.DEBUG: User was reloaded from a user provider. {"provider":"PrestaShopBundle\\Security\\Admin\\EmployeeProvider","username":"adrian@confi.com"} []
[2025-01-10 23:34:36] app.ERROR: Wyjątek wyrzucany przez moduł ps_imageslider podczas upgrade. Failed to copy "/var/www/html/var/cache/prod/sandbox/6781a07c71b46/ps_imageslider/index.php" to "/var/www/html/modules/ps_imageslider/index.php" because target file could not be opened for writing. {"object_type":"Module","object_id":26} []
[2025-01-10 23:34:36] security.DEBUG: Stored the security token in the session. {"key":"_security_main"} []
[2025-01-10 23:36:53] request.INFO: Matched route "admin_module_manage_action". {"route":"admin_module_manage_action","route_parameters":{"_controller":"PrestaShopBundle\\Controller\\Admin\\Improve\\ModuleController::moduleAction","action":"upgrade","module_name":"ps_imageslider","_route":"admin_module_manage_action"},"request_uri":"https://localhost:8083/admin9308dqo0o/index.php/improve/modules/manage/action/upgrade/ps_imageslider?_token=6d4I4s3SPo-NedmNQst_3PJAg9hsDHaQ4uXK7WYIMTU","method":"POST"} []
[2025-01-10 23:36:53] security.DEBUG: Read existing security token from the session. {"key":"_security_main","token_class":"Symfony\\Component\\Security\\Core\\Authentication\\Token\\UsernamePasswordToken"} []
[2025-01-10 23:36:53] security.DEBUG: User was reloaded from a user provider. {"provider":"PrestaShopBundle\\Security\\Admin\\EmployeeProvider","username":"adrian@confi.com"} []
[2025-01-10 23:36:54] app.ERROR: Wyjątek wyrzucany przez moduł ps_imageslider podczas upgrade. Failed to copy "/var/www/html/var/cache/prod/sandbox/6781a1062dd57/ps_imageslider/index.php" to "/var/www/html/modules/ps_imageslider/index.php" because target file could not be opened for writing. {"object_type":"Module","object_id":26} []
[2025-01-10 23:36:54] security.DEBUG: Stored the security token in the session. {"key":"_security_main"} []
